[_COOKIE]
	[__utma]
	(string) 73111947.853627237.1272550026.1275884109.1276615044.9

	[__utmz]
	(string) 73111947.1272550026.1.1.utmcsr=(direct)|utmccn=(direct)|utmcmd=(none)

	[stat_id]
	(string) beb60d7d7ce150c1487203b70f5f87c5


[_SESSION]
	[user_id]
	(string) 2373

	[is_admin]
	(array) ['']

	[old_logged_in_value]
	(boolean) 

	[stat]
	(array) ['', 'beb60d7d7ce150c1487203b70f5f87c5', '2802', '2']


[_GET]
	[path]
	(string) 


[0.0006721]	Lock wait timeout exceeded; try restarting transaction in query: INSERT INTO `cms_stat_paths` (`user_id`, `date`, `host_id`, `source_id`) VALUES (2802, '2010-07-29 14:49:09', 2, 0)
[0.0008841]	#0 /www_servers/utemp/pub/htdocs/libs/lib.php(2): mysqlConnection-&gt;query('INSERT INTO `cm...', false)
#1 /www_servers/utemp/pub/htdocs/classes/modules/stat/classes/statistic.php(12): l_mysql_query()
#2 /www_servers/utemp/pub/htdocs/classes/modules/stat/class.php(2): statistic-&gt;run('INSERT INTO `cm...')
#3 /www_servers/utemp/pub/htdocs/libs/root-src/index.php(2): stat-&gt;pushStat()
#4 /www_servers/utemp/pub/htdocs/index.php(2): require('/www_servers/ut...')
#5 {main}
