[_COOKIE]
	[stat_id]
	(string) 5b8386a17c26902e919c3252d092f77c

	[__utma]
	(string) 73111947.1353793678.1273121355.1273121355.1273121355.1

	[__utmz]
	(string) 73111947.1273121355.1.1.utmcsr=(direct)|utmccn=(direct)|utmcmd=(none)

	[user_captcha]
	(string) ajtjmr


[_SESSION]
	[user_id]
	(string) 2373

	[is_admin]
	(array) ['']

	[errors_1273229114]
	(array) ['['Вы ввели неверный код с картинки', '', '']']


[_GET]
	[path]
	(string) webforms/send/


[0.0006440]	Can't find error redirect string
[0.0008421]	#0 /www_servers/utemp/pub/htdocs/classes/modules/def_module.php(2): def_module-&gt;errorPanic()
#1 /www_servers/utemp/pub/htdocs/classes/modules/webforms/class.php(2): def_module-&gt;errorNewMessage('%errors_wrong_c...')
#2 /www_servers/utemp/pub/htdocs/classes/modules/def_module.php(2): webforms-&gt;send()
#3 /www_servers/utemp/pub/htdocs/libs/def_macroses.php(2): def_module-&gt;cms_callMethod('send', NULL)
#4 /www_servers/utemp/pub/htdocs/libs/root-src/index.php(2): macros_content()
#5 /www_servers/utemp/pub/htdocs/index.php(2): require('/www_servers/ut...')
#6 {main}
