[_COOKIE]
	[stat_id]
	(string) 34c5bec6aa00142b399bd34d02b63cc6

	[user_captcha]
	(string) f6rrrf

	[__utmz]
	(string) 73111947.1275641198.1.1.utmcsr=(direct)|utmccn=(direct)|utmcmd=(none)

	[__utma]
	(string) 73111947.193911857.1275641198.1275729869.1275732039.3


[_SESSION]
	[user_id]
	(string) 2373

	[is_admin]
	(array) ['']

	[errors_1275822377]
	(array) ['['Вы ввели неверный код с картинки', '', '']']


[_GET]
	[path]
	(string) webforms/send/


[0.0006430]	Can't find error redirect string
[0.0008440]	#0 /www_servers/utemp/pub/htdocs/classes/modules/def_module.php(2): def_module-&gt;errorPanic()
#1 /www_servers/utemp/pub/htdocs/classes/modules/webforms/class.php(2): def_module-&gt;errorNewMessage('%errors_wrong_c...')
#2 /www_servers/utemp/pub/htdocs/classes/modules/def_module.php(2): webforms-&gt;send()
#3 /www_servers/utemp/pub/htdocs/libs/def_macroses.php(2): def_module-&gt;cms_callMethod('send', NULL)
#4 /www_servers/utemp/pub/htdocs/libs/root-src/index.php(2): macros_content()
#5 /www_servers/utemp/pub/htdocs/index.php(2): require('/www_servers/ut...')
#6 {main}
