[_COOKIE]
	[stat_id]
	(string) 77afe8b4c2cfc9a2e71cee7deddf60fc

	[PHPSESSID]
	(string) a108fa208a2cb6858d2e21cf573e2bde

	[umi_captcha]
	(string) 331949954a088f61d1321bcafa3d4d6e


[_SESSION]
	[user_id]
	(string) 2373

	[is_admin]
	(array) ['']

	[old_logged_in_value]
	(boolean) 

	[stat]
	(array) ['', '77afe8b4c2cfc9a2e71cee7deddf60fc', '1479', '1', '1930', '2', '7', '7']

	[f562f773367d00befd1dd5fa5b554723]
	(array) ['['content', '', '1']', '['content', '', '16']', '['content', '', '23']']

	[session-crossdomain-sync]
	(integer) 1

	[54942265678574f62882ab22b3852497]
	(array) ['['content', '', '50']', '['content', '', '16']', '['content', '', '23']']

	[umi_captcha]
	(string) 331949954a088f61d1321bcafa3d4d6e

	[umi_captcha_plain]
	(string) ty3iaj

	[errors_1272457980]
	(array) ['['Вы ввели неверный код с картинки', '', '']']


[_GET]
	[path]
	(string) webforms/send/


[0.0012288]	Can't find error redirect string
[0.0015018]	#0 /www_servers/utemp/pub/htdocs/classes/modules/def_module.php(2): def_module-&gt;errorPanic()
#1 /www_servers/utemp/pub/htdocs/classes/modules/webforms/class.php(2): def_module-&gt;errorNewMessage('%errors_wrong_c...')
#2 /www_servers/utemp/pub/htdocs/classes/modules/def_module.php(2): webforms-&gt;send()
#3 /www_servers/utemp/pub/htdocs/libs/def_macroses.php(2): def_module-&gt;cms_callMethod('send', NULL)
#4 /www_servers/utemp/pub/htdocs/libs/root-src/index.php(2): macros_content()
#5 /www_servers/utemp/pub/htdocs/index.php(2): require('/www_servers/ut...')
#6 {main}
