[_SESSION]
	[user_id]
	(string) 2373

	[is_admin]
	(array) ['']


[_GET]
	[path]
	(string) 


[Request headers]
	[Accept]
	(string) */*

	[Host]
	(string) www.i-gorod.com

	[User-Agent]
	(string) ApacheBench/1.3d


[Response headers]
	[X-Powered-By]
	(string) PHP/5.2.6

	[Set-Cookie]
	(string) PHPSESSID=5873e5aa22d8c3d6474bbc0e3ee3d200; path=/

	[Expires]
	(string) Thu, 19 Nov 1981 08:52:00 GMT

	[Cache-Control]
	(string) no-store, no-cache, must-revalidate, post-check=0, pre-check=0

	[Pragma]
	(string) no-cache

	[Status]
	(string) 500 Internal Server Error

	[Connection]
	(string) close

	[Content-Type]
	(string) text/html; charset=utf-8


[0.0012622]	Can't connect to local MySQL server through socket '/tmp/mysql.sock' (2) in query: SELECT rel_id FROM cms3_hierarchy_relations WHERE child_id = '1' ORDER BY id
[0.0013852]	#0 /www_servers/utemp/pub/htdocs/libs/lib.php(2): mysqlConnection-&gt;query('SELECT rel_id F...', false)
#1 /www_servers/utemp/pub/htdocs/classes/system/subsystems/models/hierarchy/umiHierarchy.php(47): l_mysql_query('SELECT rel_id F...')
#2 /www_servers/utemp/pub/htdocs/classes/modules/content/class.php(2): umiHierarchy-&gt;getAllParents('1', true)
#3 /www_servers/utemp/pub/htdocs/classes/modules/content/class.php(2): content-&gt;get_parents('1')
#4 /www_servers/utemp/pub/htdocs/classes/modules/def_module.php(2): content-&gt;menu()
#5 /www_servers/utemp/pub/htdocs/classes/system/subsystems/templaters/tpl/templater.php(2): def_module-&gt;cms_callMethod('menu', Array)
#6 /www_servers/utemp/pub/htdocs/classes/system/subsystems/templaters/tpl/templater.php(2): templater-&gt;executeMacros(Array)
#7 /www_servers/utemp/pub/htdocs/classes/system/subsystems/templaters/tpl/templater.php(2): templater-&gt;parseMacros('%content menu()...')
#8 /www_servers/utemp/pub/htdocs/libs/root-src/index.php(2): templater-&gt;parseInput('&lt;!DOCTYPE html ...')
#9 /www_servers/utemp/pub/htdocs/index.php(2): require('/www_servers/ut...')
#10 {main}
