[_COOKIE]
	[stat_id]
	(string) 7d9bc4ac92d2c9de48f9f4cb77e5b027

	[__utmz]
	(string) 73111947.1277042797.1.1.utmcsr=yandex|utmccn=(organic)|utmcmd=organic|utmctr=сколково официальный сайт

	[user_captcha]
	(string) y9nr7x

	[__utma]
	(string) 73111947.236712842.1277042797.1277042797.1277042797.1


[_SESSION]
	[user_id]
	(string) 2373

	[is_admin]
	(array) ['']

	[errors_1277104641]
	(array) ['['Вы ввели неверный код с картинки', '', '']']


[_GET]
	[path]
	(string) webforms/send/


[0.0006549]	Can't find error redirect string
[0.0008469]	#0 /www_servers/utemp/pub/htdocs/classes/modules/def_module.php(2): def_module-&gt;errorPanic()
#1 /www_servers/utemp/pub/htdocs/classes/modules/webforms/class.php(2): def_module-&gt;errorNewMessage('%errors_wrong_c...')
#2 /www_servers/utemp/pub/htdocs/classes/modules/def_module.php(2): webforms-&gt;send()
#3 /www_servers/utemp/pub/htdocs/libs/def_macroses.php(2): def_module-&gt;cms_callMethod('send', NULL)
#4 /www_servers/utemp/pub/htdocs/libs/root-src/index.php(2): macros_content()
#5 /www_servers/utemp/pub/htdocs/index.php(2): require('/www_servers/ut...')
#6 {main}
