[_COOKIE]
	[stat_id]
	(string) ebab107bd756cbb0c4c1775e2bd223c6

	[user_captcha]
	(string) upkefb

	[PHPSESSID]
	(string) 7b1020bc456f8bfe1e4b0d474d7bff4f

	[__utmz]
	(string) 73111947.1277280385.1.1.utmcsr=yandex|utmccn=(organic)|utmcmd=organic|utmctr=%D1%81%D0%BA%D0%BE%D0%BB%D0%BA%D0%BE%D0%B2%D0%BE%20%D0%B8%D0%BD%D0%BD%D0%BE%D0%B2%D0%B0%D1%86%D0%B8%D0%B8%20%D1%82%D0%B5%D0%BB%D0%B5%D1%84%D0%BE%D0%BD

	[__utma]
	(string) 73111947.1557981924.1277280385.1277280385.1277282727.2


[_SESSION]
	[user_id]
	(string) 2373

	[is_admin]
	(array) ['']

	[errors_1277299353]
	(array) ['['Вы ввели неверный код с картинки', '', '']']

	[errors_1277299363]
	(array) ['['Вы ввели неверный код с картинки', '', '']']


[_GET]
	[path]
	(string) webforms/send/


[0.0007739]	Can't find error redirect string
[0.0010400]	#0 /www_servers/utemp/pub/htdocs/classes/modules/def_module.php(2): def_module-&gt;errorPanic()
#1 /www_servers/utemp/pub/htdocs/classes/modules/webforms/class.php(2): def_module-&gt;errorNewMessage('%errors_wrong_c...')
#2 /www_servers/utemp/pub/htdocs/classes/modules/def_module.php(2): webforms-&gt;send()
#3 /www_servers/utemp/pub/htdocs/libs/def_macroses.php(2): def_module-&gt;cms_callMethod('send', NULL)
#4 /www_servers/utemp/pub/htdocs/libs/root-src/index.php(2): macros_content()
#5 /www_servers/utemp/pub/htdocs/index.php(2): require('/www_servers/ut...')
#6 {main}
