[_COOKIE]
	[stat_id]
	(string) b0aaf439dbf5e4a38bfb07ecebda2252

	[user_captcha]
	(string) bb7swt

	[__utmz]
	(string) 73111947.1277237036.1.1.utmcsr=marker.ru|utmccn=(referral)|utmcmd=referral|utmcct=/news/530

	[__utma]
	(string) 73111947.1465973259.1277237036.1277238449.1277307182.3


[_SESSION]
	[user_id]
	(string) 2373

	[is_admin]
	(array) ['']

	[errors_1277317492]
	(array) ['['Вы ввели неверный код с картинки', '', '']']


[_GET]
	[path]
	(string) webforms/send/


[0.0006568]	Can't find error redirect string
[0.0008500]	#0 /www_servers/utemp/pub/htdocs/classes/modules/def_module.php(2): def_module-&gt;errorPanic()
#1 /www_servers/utemp/pub/htdocs/classes/modules/webforms/class.php(2): def_module-&gt;errorNewMessage('%errors_wrong_c...')
#2 /www_servers/utemp/pub/htdocs/classes/modules/def_module.php(2): webforms-&gt;send()
#3 /www_servers/utemp/pub/htdocs/libs/def_macroses.php(2): def_module-&gt;cms_callMethod('send', NULL)
#4 /www_servers/utemp/pub/htdocs/libs/root-src/index.php(2): macros_content()
#5 /www_servers/utemp/pub/htdocs/index.php(2): require('/www_servers/ut...')
#6 {main}
