[_COOKIE]
	[stat_id]
	(string) 02523f833c6c6616fc08ff7aac167a81

	[user_captcha]
	(string) dp98r8

	[PHPSESSID]
	(string) d61478acede0f3e09c028ab0f4ee476f

	[__utmz]
	(string) 73111947.1275492717.1.1.utmcsr=(direct)|utmccn=(direct)|utmcmd=(none)

	[__utma]
	(string) 73111947.1432565607.1275492717.1275686138.1275721379.10


[_SESSION]
	[user_id]
	(string) 2373

	[is_admin]
	(array) ['']

	[errors_1275751214]
	(array) ['['Вы ввели неверный код с картинки', '', '']']

	[errors_1275751230]
	(array) ['['Вы ввели неверный код с картинки', '', '']']


[_GET]
	[path]
	(string) webforms/send/


[0.0007699]	Can't find error redirect string
[0.0010440]	#0 /www_servers/utemp/pub/htdocs/classes/modules/def_module.php(2): def_module-&gt;errorPanic()
#1 /www_servers/utemp/pub/htdocs/classes/modules/webforms/class.php(2): def_module-&gt;errorNewMessage('%errors_wrong_c...')
#2 /www_servers/utemp/pub/htdocs/classes/modules/def_module.php(2): webforms-&gt;send()
#3 /www_servers/utemp/pub/htdocs/libs/def_macroses.php(2): def_module-&gt;cms_callMethod('send', NULL)
#4 /www_servers/utemp/pub/htdocs/libs/root-src/index.php(2): macros_content()
#5 /www_servers/utemp/pub/htdocs/index.php(2): require('/www_servers/ut...')
#6 {main}
