[_COOKIE]
	[PHPSESSID]
	(string) 148b6b1da279cd703661c2bcdea58b34

	[stat_id]
	(string) 148b6b1da279cd703661c2bcdea58b34

	[__utmz]
	(string) 73111947.1280415266.1.1.utmcsr=yandex|utmccn=(organic)|utmcmd=organic|utmctr=сколково

	[__utma]
	(string) 73111947.760693581.1280415266.1280415266.1280415266.1

	[__utmc]
	(string) 73111947

	[__utmb]
	(string) 73111947.1.10.1280415266


[_SESSION]
	[user_id]
	(string) 2373

	[is_admin]
	(array) ['']

	[old_logged_in_value]
	(boolean) 

	[stat]
	(array) ['', '148b6b1da279cd703661c2bcdea58b34', '2', '0', '747', '1']

	[session-crossdomain-sync]
	(integer) 1


[_GET]
	[path]
	(string) 


[0.0007522]	You have an error in your SQL syntax; check the manual that corresponds to your MySQL server version for the right syntax to use near ' 1)' at line 2 in query: INSERT INTO `cms_stat_hits` (`page_id`, `date`, `hour`, `day_of_week`, `week`, `day`, `month`, `year`, `path_id`, `number_in_path`) VALUES
                 (747, '2010-07-29 14:55:08', HOUR('2010-07-29 14:55:08'), DATE_FORMAT('2010-07-29 14:55:08', '%w'), WEEK('2010-07-29 14:55:08'), DAY('2010-07-29 14:55:08'), MONTH('2010-07-29 14:55:08'), YEAR('2010-07-29 14:55:08'), , 1)
[0.0010362]	#0 /www_servers/utemp/pub/htdocs/libs/lib.php(2): mysqlConnection-&gt;query('INSERT INTO `cm...', false)
#1 /www_servers/utemp/pub/htdocs/classes/modules/stat/classes/statistic.php(14): l_mysql_query()
#2 /www_servers/utemp/pub/htdocs/classes/modules/stat/class.php(2): statistic-&gt;run('INSERT INTO `cm...')
#3 /www_servers/utemp/pub/htdocs/libs/root-src/index.php(2): stat-&gt;pushStat()
#4 /www_servers/utemp/pub/htdocs/index.php(2): require('/www_servers/ut...')
#5 {main}
