[_SESSION]
	[user_id]
	(string) 2373

	[is_admin]
	(array) ['']


[_GET]
	[path]
	(string) 


[0.0011241]	MySQL client run out of memory in query: SELECT  SQL_CACHE text_val FROM cms3_object_content WHERE obj_id = '27505' AND field_id = '26' LIMIT 1
[2.3221600]	#0 /www_servers/utemp/pub/htdocs/libs/lib.php(2): mysqlConnection-&gt;query('SELECT  SQL_CAC...', true)
#1 /www_servers/utemp/pub/htdocs/classes/system/subsystems/models/data/properties/umiObjectPropertyWYSIWYG.php(2): l_mysql_query()
#2 /www_servers/utemp/pub/htdocs/classes/system/subsystems/models/data/umiObjectProperty.php(2): umiObjectPropertyWYSIWYG-&gt;loadValue('SELECT  SQL_CAC...', true)
#3 /www_servers/utemp/pub/htdocs/classes/system/subsystems/models/data/umiObjectProperty.php(2): umiObjectProperty-&gt;loadInfo()
#4 /www_servers/utemp/pub/htdocs/classes/system/subsystems/models/data/umiObjectProperty.php(2): umiObjectProperty-&gt;__construct()
#5 /www_servers/utemp/pub/htdocs/classes/system/subsystems/models/data/umiObject.php(2): umiObjectProperty::getProperty(27505, 26, 10)
#6 /www_servers/utemp/pub/htdocs/classes/system/subsystems/models/data/umiObject.php(2): umiObject-&gt;getPropByName(27505, 26, 10)
#7 /www_servers/utemp/pub/htdocs/classes/system/subsystems/models/hierarchy/umiHierarchyElement.php(2): umiObject-&gt;getValue('content')
#8 /www_servers/utemp/pub/htdocs/classes/system/subsystems/models/hierarchy/umiHierarchyElement.php(2): umiHierarchyElement-&gt;getValue('content', NULL)
#9 /www_servers/utemp/pub/htdocs/classes/modules/content/class.php(2): umiHierarchyElement-&gt;__get('content')
#10 /www_servers/utemp/pub/htdocs/classes/modules/def_module.php(2): content-&gt;insert('content')
#11 /www_servers/utemp/pub/htdocs/classes/system/subsystems/templaters/tpl/templater.php(2): def_module-&gt;cms_callMethod('16')
#12 /www_servers/utemp/pub/htdocs/classes/system/subsystems/templaters/tpl/templater.php(2): templater-&gt;executeMacros(Array, Array)
#13 /www_servers/utemp/pub/htdocs/classes/system/subsystems/templaters/tpl/templater.php(2): templater-&gt;parseMacros('insert', Array)
#14 /www_servers/utemp/pub/htdocs/libs/root-src/index.php(2): templater-&gt;parseInput(Array)
#15 /www_servers/utemp/pub/htdocs/index.php(2): require('/www_servers/ut...')
#16 {main}
