[_COOKIE]
	[__utma]
	(string) 73111947.1386306002.1262522116.1262536646.1262545459.4

	[__utmz]
	(string) 73111947.1262536646.3.2.utmcsr=futurussia.com|utmccn=(referral)|utmcmd=referral|utmcct=/public

	[stat_id]
	(string) 94866dca06fab1040b02d2d57c401376

	[user_captcha]
	(string) 9422hn


[_SESSION]
	[user_id]
	(string) 2373

	[is_admin]
	(array) ['']

	[errors_1275916185]
	(array) ['['Вы ввели неверный код с картинки', '', '']']


[_GET]
	[path]
	(string) webforms/send/


[0.0006480]	Can't find error redirect string
[0.0008512]	#0 /www_servers/utemp/pub/htdocs/classes/modules/def_module.php(2): def_module-&gt;errorPanic()
#1 /www_servers/utemp/pub/htdocs/classes/modules/webforms/class.php(2): def_module-&gt;errorNewMessage('%errors_wrong_c...')
#2 /www_servers/utemp/pub/htdocs/classes/modules/def_module.php(2): webforms-&gt;send()
#3 /www_servers/utemp/pub/htdocs/libs/def_macroses.php(2): def_module-&gt;cms_callMethod('send', NULL)
#4 /www_servers/utemp/pub/htdocs/libs/root-src/index.php(2): macros_content()
#5 /www_servers/utemp/pub/htdocs/index.php(2): require('/www_servers/ut...')
#6 {main}
