[_COOKIE]
	[stat_id]
	(string) 1023d6ae3164a37e07a12f64678465ca

	[__utmz]
	(string) 73111947.1275381084.1.1.utmcsr=(direct)|utmccn=(direct)|utmcmd=(none)

	[user_captcha]
	(string) srdtdc

	[__utma]
	(string) 73111947.538804439.1275381084.1275381084.1275523058.2


[_SESSION]
	[user_id]
	(string) 2373

	[is_admin]
	(array) ['']

	[errors_1276946599]
	(array) ['['Вы ввели неверный код с картинки', '', '']']


[_GET]
	[path]
	(string) webforms/send/


[0.0008349]	Can't find error redirect string
[0.0010529]	#0 /www_servers/utemp/pub/htdocs/classes/modules/def_module.php(2): def_module-&gt;errorPanic()
#1 /www_servers/utemp/pub/htdocs/classes/modules/webforms/class.php(2): def_module-&gt;errorNewMessage('%errors_wrong_c...')
#2 /www_servers/utemp/pub/htdocs/classes/modules/def_module.php(2): webforms-&gt;send()
#3 /www_servers/utemp/pub/htdocs/libs/def_macroses.php(2): def_module-&gt;cms_callMethod('send', NULL)
#4 /www_servers/utemp/pub/htdocs/libs/root-src/index.php(2): macros_content()
#5 /www_servers/utemp/pub/htdocs/index.php(2): require('/www_servers/ut...')
#6 {main}
