[_COOKIE]
	[stat_id]
	(string) 7f5869e6917dd3cff64e0e20e3812af8

	[user_captcha]
	(string) ec2mdd

	[__utmz]
	(string) 73111947.1276870318.1.2.utmcsr=yandex|utmccn=(organic)|utmcmd=organic|utmctr=фонд инновационного центра \"Сколково\"

	[__utma]
	(string) 73111947.1744649335.1276868933.1276868933.1276868933.1


[_SESSION]
	[user_id]
	(string) 2373

	[is_admin]
	(array) ['']

	[errors_1277097145]
	(array) ['['Вы ввели неверный код с картинки', '', '']']


[_GET]
	[path]
	(string) webforms/send/


[0.0006490]	Can't find error redirect string
[0.0008481]	#0 /www_servers/utemp/pub/htdocs/classes/modules/def_module.php(2): def_module-&gt;errorPanic()
#1 /www_servers/utemp/pub/htdocs/classes/modules/webforms/class.php(2): def_module-&gt;errorNewMessage('%errors_wrong_c...')
#2 /www_servers/utemp/pub/htdocs/classes/modules/def_module.php(2): webforms-&gt;send()
#3 /www_servers/utemp/pub/htdocs/libs/def_macroses.php(2): def_module-&gt;cms_callMethod('send', NULL)
#4 /www_servers/utemp/pub/htdocs/libs/root-src/index.php(2): macros_content()
#5 /www_servers/utemp/pub/htdocs/index.php(2): require('/www_servers/ut...')
#6 {main}
